Arguments: 
  D:\system\langs\nodejs\node.exe D:\system\appdata\roaming\npm\node_modules\yarn\bin\yarn.js login

PATH: 
  D:\system\langs\python\Scripts\;D:\system\langs\python\;C:\Program Files (x86)\Common Files\Intel\Shared Libraries\redist\intel64\compiler;C:\Windows\system32;C:\Windows;C:\Windows\System32\Wbem;C:\Windows\System32\WindowsPowerShell\v1.0\;C:\Windows\System32\OpenSSH\;D:\system\programs\VS Code\bin;D:\system\langs\nodejs\;D:\system\programs\Neovim\bin;D:\system\programs\Git\cmd;D:\system\programs\maven\bin;D:\system\programs\gource\cmd;D:\system\langs\cxx\cmake\bin;D:\system\programs\slik\bin;C:\Program Files\dotnet\;D:\system\langs\java\jdk\bin;D:\system\langs\Go\bin;D:\system\langs\cxx\TDM-GCC\bin;D:\system\langs\D\dmd2\windows\bin;D:\system\langs\flutter\bin;D:\system\langs\android\sdk;D:\util\ffmpeg\bin;C:\Program Files\Docker\Docker\resources\bin;C:\ProgramData\DockerDesktop\version-bin;D:\system\programs\Notepad++;C:\Users\Comesa\.pyenv\pyenv-win\bin;C:\Users\Comesa\.pyenv\pyenv-win\shims;D:\system\langs\Ruby\27-x64\bin;C:\Users\Comesa\.windows-build-tools\python27\;C:\Users\Comesa\.windows-build-tools\python27\;C:\Users\Comesa\.windows-build-tools\python27\;C:\Users\Comesa\.cargo\bin;C:\Users\Comesa\AppData\Local\Microsoft\WindowsApps;D:\system\appdata\roaming\npm;C:\Users\Comesa\go\bin;C:\Users\Comesa\AppData\Local\gitkraken\bin

Yarn version: 
  1.22.10

Node version: 
  15.3.0

Platform: 
  win32 x64

Trace: 
  Error: canceled
      at Interface.<anonymous> (D:\system\appdata\roaming\npm\node_modules\yarn\lib\cli.js:136216:13)
      at Interface.emit (node:events:376:20)
      at Interface._ttyWrite (node:readline:880:16)
      at ReadStream.onkeypress (node:readline:213:10)
      at ReadStream.emit (node:events:376:20)
      at emitKeys (node:internal/readline/utils:345:14)
      at emitKeys.next (<anonymous>)
      at ReadStream.onData (node:readline:1149:36)
      at ReadStream.emit (node:events:376:20)
      at addChunk (node:internal/streams/readable:304:12)

npm manifest: 
  {
    "name": "tsconfig-paths-snowpack-plugin",
    "version": "0.1.0",
    "description": "Import your paths from tsconfig.json to your snowpack config",
    "main": "index.js",
    "repository": "https://github.com/Comeza/tsconfig-paths-snowpack-plugins",
    "author": "Comesa <aaron@vobe.io>",
    "license": "MIT",
    "private": false,
    "dependencies": {
      "strip-json-comments": "^3.1.1"
    }
  }

yarn manifest: 
  No manifest

Lockfile: 
  # THIS IS AN AUTOGENERATED FILE. DO NOT EDIT THIS FILE DIRECTLY.
  # yarn lockfile v1
  
  
  strip-json-comments@^3.1.1:
    version "3.1.1"
    resolved "https://registry.yarnpkg.com/strip-json-comments/-/strip-json-comments-3.1.1.tgz#31f1281b3832630434831c310c01cccda8cbe006"
    integrity sha512-6fPc+R4ihwqP6N/aIv2f1gMH8lOVtWQHoqC4yK6oSDVVocumAsfCqjkXnqiYMhmMwS/mEHLp7Vehlt3ql6lEig==
